This is pdfTeX, Version 3.1415926-2.5-1.40.14 (TeX Live 2013/Debian) (format=pdflatex 2016.3.24)  2 JUL 2016 13:46
entering extended mode
 restricted \write18 enabled.
 %&-line parsing enabled.
**SASTRAReport.tex
(./SASTRAReport.tex
LaTeX2e <2011/06/27>
Babel <3.9h> and hyphenation patterns for 2 languages loaded.
(/usr/share/texlive/texmf-dist/tex/latex/base/report.cls
Document Class: report 2007/10/19 v1.4h Standard LaTeX document class
(/usr/share/texlive/texmf-dist/tex/latex/base/size12.clo
File: size12.clo 2007/10/19 v1.4h Standard LaTeX file (size option)
)
\c@part=\count79
\c@chapter=\count80
\c@section=\count81
\c@subsection=\count82
\c@subsubsection=\count83
\c@paragraph=\count84
\c@subparagraph=\count85
\c@figure=\count86
\c@table=\count87
\abovecaptionskip=\skip41
\belowcaptionskip=\skip42
\bibindent=\dimen102
)
(/usr/share/texlive/texmf-dist/tex/generic/babel/babel.sty
Package: babel 2013/12/03 3.9h The Babel package

(/usr/share/texlive/texmf-dist/tex/generic/babel-english/english.ldf
Language: english 2012/08/20 v3.3p English support from the babel system

(/usr/share/texlive/texmf-dist/tex/generic/babel/babel.def
File: babel.def 2013/12/03 3.9h Babel common definitions
\babel@savecnt=\count88
\U@D=\dimen103
)
\l@british = a dialect from \language\l@english 
\l@UKenglish = a dialect from \language\l@english 
\l@canadian = a dialect from \language\l@american 
\l@australian = a dialect from \language\l@british 
\l@newzealand = a dialect from \language\l@british 
))
(/usr/share/texlive/texmf-dist/tex/latex/base/inputenc.sty
Package: inputenc 2008/03/30 v1.1d Input encoding file
\inpenc@prehook=\toks14
\inpenc@posthook=\toks15

(/usr/share/texlive/texmf-dist/tex/latex/ucs/utf8x.def
File: utf8x.def 2004/10/17 UCS: Input encoding UTF-8
))
(/usr/share/texlive/texmf-dist/tex/latex/ucs/ucs.sty
Package: ucs 2013/05/11 v2.2 UCS: Unicode input support

(/usr/share/texlive/texmf-dist/tex/latex/ucs/data/uni-global.def
File: uni-global.def 2013/05/13 UCS: Unicode global data
)
\uc@secondtry=\count89
\uc@combtoks=\toks16
\uc@combtoksb=\toks17
\uc@temptokena=\toks18
)
(/usr/share/texlive/texmf-dist/tex/latex/amsmath/amsmath.sty
Package: amsmath 2013/01/14 v2.14 AMS math features
\@mathmargin=\skip43

For additional information on amsmath, use the `?' option.
(/usr/share/texlive/texmf-dist/tex/latex/amsmath/amstext.sty
Package: amstext 2000/06/29 v2.01

(/usr/share/texlive/texmf-dist/tex/latex/amsmath/amsgen.sty
File: amsgen.sty 1999/11/30 v2.0
\@emptytoks=\toks19
\ex@=\dimen104
))
(/usr/share/texlive/texmf-dist/tex/latex/amsmath/amsbsy.sty
Package: amsbsy 1999/11/29 v1.2d
\pmbraise@=\dimen105
)
(/usr/share/texlive/texmf-dist/tex/latex/amsmath/amsopn.sty
Package: amsopn 1999/12/14 v2.01 operator names
)
\inf@bad=\count90
LaTeX Info: Redefining \frac on input line 210.
\uproot@=\count91
\leftroot@=\count92
LaTeX Info: Redefining \overline on input line 306.
\classnum@=\count93
\DOTSCASE@=\count94
LaTeX Info: Redefining \ldots on input line 378.
LaTeX Info: Redefining \dots on input line 381.
LaTeX Info: Redefining \cdots on input line 466.
\Mathstrutbox@=\box26
\strutbox@=\box27
\big@size=\dimen106
LaTeX Font Info:    Redeclaring font encoding OML on input line 566.
LaTeX Font Info:    Redeclaring font encoding OMS on input line 567.
\macc@depth=\count95
\c@MaxMatrixCols=\count96
\dotsspace@=\muskip10
\c@parentequation=\count97
\dspbrk@lvl=\count98
\tag@help=\toks20
\row@=\count99
\column@=\count100
\maxfields@=\count101
\andhelp@=\toks21
\eqnshift@=\dimen107
\alignsep@=\dimen108
\tagshift@=\dimen109
\tagwidth@=\dimen110
\totwidth@=\dimen111
\lineht@=\dimen112
\@envbody=\toks22
\multlinegap=\skip44
\multlinetaggap=\skip45
\mathdisplay@stack=\toks23
LaTeX Info: Redefining \[ on input line 2665.
LaTeX Info: Redefining \] on input line 2666.
)
(/usr/share/texlive/texmf-dist/tex/latex/url/url.sty
\Urlmuskip=\muskip11
Package: url 2013/09/16  ver 3.4  Verb mode for urls, etc.
)
(/usr/share/texlive/texmf-dist/tex/latex/graphics/graphicx.sty
Package: graphicx 1999/02/16 v1.0f Enhanced LaTeX Graphics (DPC,SPQR)

(/usr/share/texlive/texmf-dist/tex/latex/graphics/keyval.sty
Package: keyval 1999/03/16 v1.13 key=value parser (DPC)
\KV@toks@=\toks24
)
(/usr/share/texlive/texmf-dist/tex/latex/graphics/graphics.sty
Package: graphics 2009/02/05 v1.0o Standard LaTeX Graphics (DPC,SPQR)

(/usr/share/texlive/texmf-dist/tex/latex/graphics/trig.sty
Package: trig 1999/03/16 v1.09 sin cos tan (DPC)
)
(/usr/share/texlive/texmf-dist/tex/latex/latexconfig/graphics.cfg
File: graphics.cfg 2010/04/23 v1.9 graphics configuration of TeX Live
)
Package graphics Info: Driver file: pdftex.def on input line 91.

(/usr/share/texlive/texmf-dist/tex/latex/pdftex-def/pdftex.def
File: pdftex.def 2011/05/27 v0.06d Graphics/color for pdfTeX

(/usr/share/texlive/texmf-dist/tex/generic/oberdiek/infwarerr.sty
Package: infwarerr 2010/04/08 v1.3 Providing info/warning/error messages (HO)
)
(/usr/share/texlive/texmf-dist/tex/generic/oberdiek/ltxcmds.sty
Package: ltxcmds 2011/11/09 v1.22 LaTeX kernel commands for general use (HO)
)
\Gread@gobject=\count102
))
\Gin@req@height=\dimen113
\Gin@req@width=\dimen114
)
(/usr/share/texlive/texmf-dist/tex/latex/listings/listings.sty
\lst@mode=\count103
\lst@gtempboxa=\box28
\lst@token=\toks25
\lst@length=\count104
\lst@currlwidth=\dimen115
\lst@column=\count105
\lst@pos=\count106
\lst@lostspace=\dimen116
\lst@width=\dimen117
\lst@newlines=\count107
\lst@lineno=\count108
\lst@maxwidth=\dimen118

(/usr/share/texlive/texmf-dist/tex/latex/listings/lstmisc.sty
File: lstmisc.sty 2013/08/26 1.5b (Carsten Heinz)
\c@lstnumber=\count109
\lst@skipnumbers=\count110
\lst@framebox=\box29
)
(/usr/share/texlive/texmf-dist/tex/latex/listings/listings.cfg
File: listings.cfg 2013/08/26 1.5b listings configuration
))
Package: listings 2013/08/26 1.5b (Carsten Heinz)

(/usr/share/texlive/texmf-dist/tex/latex/tools/afterpage.sty
Package: afterpage 1995/10/27 v1.08 After-Page Package (DPC)
\AP@output=\toks26
\AP@partial=\box30
\AP@footins=\box31
)
(/usr/share/texlive/texmf-dist/tex/latex/eurosym/eurosym.sty
Package: eurosym 1998/08/06 v1.1 European currency symbol ``Euro''
\@eurobox=\box32
)
(/usr/share/texlive/texmf-dist/tex/latex/todonotes/todonotes.sty
Package: todonotes 2012/07/25 .dtx Todonotes source and documentation.
Package: todonotes 2012/07/25

(/usr/share/texlive/texmf-dist/tex/latex/base/ifthen.sty
Package: ifthen 2001/05/26 v1.1c Standard LaTeX ifthen package (DPC)
)
(/usr/share/texlive/texmf-dist/tex/latex/xkeyval/xkeyval.sty
Package: xkeyval 2012/10/14 v2.6b package option processing (HA)

(/usr/share/texlive/texmf-dist/tex/generic/xkeyval/xkeyval.tex
\XKV@toks=\toks27
\XKV@tempa@toks=\toks28
\XKV@depth=\count111
File: xkeyval.tex 2012/10/14 v2.6b key=value parser (HA)
))
(/usr/share/texmf/tex/latex/xcolor/xcolor.sty
Package: xcolor 2007/01/21 v2.11 LaTeX color extensions (UK)

(/usr/share/texlive/texmf-dist/tex/latex/latexconfig/color.cfg
File: color.cfg 2007/01/18 v1.5 color configuration of teTeX/TeXLive
)
Package xcolor Info: Driver file: pdftex.def on input line 225.
Package xcolor Info: Model `cmy' substituted by `cmy0' on input line 1337.
Package xcolor Info: Model `hsb' substituted by `rgb' on input line 1341.
Package xcolor Info: Model `RGB' extended on input line 1353.
Package xcolor Info: Model `HTML' substituted by `rgb' on input line 1355.
Package xcolor Info: Model `Hsb' substituted by `hsb' on input line 1356.
Package xcolor Info: Model `tHsb' substituted by `hsb' on input line 1357.
Package xcolor Info: Model `HSB' substituted by `hsb' on input line 1358.
Package xcolor Info: Model `Gray' substituted by `gray' on input line 1359.
Package xcolor Info: Model `wave' substituted by `hsb' on input line 1360.
)
(/usr/share/texmf/tex/latex/pgf/frontendlayer/tikz.sty
(/usr/share/texmf/tex/latex/pgf/basiclayer/pgf.sty
(/usr/share/texmf/tex/latex/pgf/utilities/pgfrcs.sty
(/usr/share/texmf/tex/generic/pgf/utilities/pgfutil-common.tex
\pgfutil@everybye=\toks29
)
(/usr/share/texmf/tex/generic/pgf/utilities/pgfutil-latex.def
\pgfutil@abb=\box33

(/usr/share/texlive/texmf-dist/tex/latex/ms/everyshi.sty
Package: everyshi 2001/05/15 v3.00 EveryShipout Package (MS)
))
(/usr/share/texmf/tex/generic/pgf/utilities/pgfrcs.code.tex
Package: pgfrcs 2010/10/25 v2.10 (rcs-revision 1.24)
))
Package: pgf 2008/01/15 v2.10 (rcs-revision 1.12)

(/usr/share/texmf/tex/latex/pgf/basiclayer/pgfcore.sty
(/usr/share/texmf/tex/latex/pgf/systemlayer/pgfsys.sty
(/usr/share/texmf/tex/generic/pgf/systemlayer/pgfsys.code.tex
Package: pgfsys 2010/06/30 v2.10 (rcs-revision 1.37)

(/usr/share/texmf/tex/generic/pgf/utilities/pgfkeys.code.tex
\pgfkeys@pathtoks=\toks30
\pgfkeys@temptoks=\toks31

(/usr/share/texmf/tex/generic/pgf/utilities/pgfkeysfiltered.code.tex
\pgfkeys@tmptoks=\toks32
))
\pgf@x=\dimen119
\pgf@y=\dimen120
\pgf@xa=\dimen121
\pgf@ya=\dimen122
\pgf@xb=\dimen123
\pgf@yb=\dimen124
\pgf@xc=\dimen125
\pgf@yc=\dimen126
\w@pgf@writea=\write3
\r@pgf@reada=\read1
\c@pgf@counta=\count112
\c@pgf@countb=\count113
\c@pgf@countc=\count114
\c@pgf@countd=\count115

(/usr/share/texmf/tex/generic/pgf/systemlayer/pgf.cfg
File: pgf.cfg 2008/05/14  (rcs-revision 1.7)
)
Package pgfsys Info: Driver file for pgf: pgfsys-pdftex.def on input line 900.

(/usr/share/texmf/tex/generic/pgf/systemlayer/pgfsys-pdftex.def
File: pgfsys-pdftex.def 2009/05/22  (rcs-revision 1.26)

(/usr/share/texmf/tex/generic/pgf/systemlayer/pgfsys-common-pdf.def
File: pgfsys-common-pdf.def 2008/05/19  (rcs-revision 1.10)
)))
(/usr/share/texmf/tex/generic/pgf/systemlayer/pgfsyssoftpath.code.tex
File: pgfsyssoftpath.code.tex 2008/07/18  (rcs-revision 1.7)
\pgfsyssoftpath@smallbuffer@items=\count116
\pgfsyssoftpath@bigbuffer@items=\count117
)
(/usr/share/texmf/tex/generic/pgf/systemlayer/pgfsysprotocol.code.tex
File: pgfsysprotocol.code.tex 2006/10/16  (rcs-revision 1.4)
))
(/usr/share/texmf/tex/generic/pgf/basiclayer/pgfcore.code.tex
Package: pgfcore 2010/04/11 v2.10 (rcs-revision 1.7)

(/usr/share/texmf/tex/generic/pgf/math/pgfmath.code.tex
(/usr/share/texmf/tex/generic/pgf/math/pgfmathcalc.code.tex
(/usr/share/texmf/tex/generic/pgf/math/pgfmathutil.code.tex)
(/usr/share/texmf/tex/generic/pgf/math/pgfmathparser.code.tex
\pgfmath@dimen=\dimen127
\pgfmath@count=\count118
\pgfmath@box=\box34
\pgfmath@toks=\toks33
\pgfmath@stack@operand=\toks34
\pgfmath@stack@operation=\toks35
)
(/usr/share/texmf/tex/generic/pgf/math/pgfmathfunctions.code.tex
(/usr/share/texmf/tex/generic/pgf/math/pgfmathfunctions.basic.code.tex)
(/usr/share/texmf/tex/generic/pgf/math/pgfmathfunctions.trigonometric.code.tex)
(/usr/share/texmf/tex/generic/pgf/math/pgfmathfunctions.random.code.tex)
(/usr/share/texmf/tex/generic/pgf/math/pgfmathfunctions.comparison.code.tex)
(/usr/share/texmf/tex/generic/pgf/math/pgfmathfunctions.base.code.tex)
(/usr/share/texmf/tex/generic/pgf/math/pgfmathfunctions.round.code.tex)
(/usr/share/texmf/tex/generic/pgf/math/pgfmathfunctions.misc.code.tex)))
(/usr/share/texmf/tex/generic/pgf/math/pgfmathfloat.code.tex
\c@pgfmathroundto@lastzeros=\count119
))
(/usr/share/texmf/tex/generic/pgf/basiclayer/pgfcorepoints.code.tex
File: pgfcorepoints.code.tex 2010/04/09  (rcs-revision 1.20)
\pgf@picminx=\dimen128
\pgf@picmaxx=\dimen129
\pgf@picminy=\dimen130
\pgf@picmaxy=\dimen131
\pgf@pathminx=\dimen132
\pgf@pathmaxx=\dimen133
\pgf@pathminy=\dimen134
\pgf@pathmaxy=\dimen135
\pgf@xx=\dimen136
\pgf@xy=\dimen137
\pgf@yx=\dimen138
\pgf@yy=\dimen139
\pgf@zx=\dimen140
\pgf@zy=\dimen141
)
(/usr/share/texmf/tex/generic/pgf/basiclayer/pgfcorepathconstruct.code.tex
File: pgfcorepathconstruct.code.tex 2010/08/03  (rcs-revision 1.24)
\pgf@path@lastx=\dimen142
\pgf@path@lasty=\dimen143
)
(/usr/share/texmf/tex/generic/pgf/basiclayer/pgfcorepathusage.code.tex
File: pgfcorepathusage.code.tex 2008/04/22  (rcs-revision 1.12)
\pgf@shorten@end@additional=\dimen144
\pgf@shorten@start@additional=\dimen145
)
(/usr/share/texmf/tex/generic/pgf/basiclayer/pgfcorescopes.code.tex
File: pgfcorescopes.code.tex 2010/09/08  (rcs-revision 1.34)
\pgfpic=\box35
\pgf@hbox=\box36
\pgf@layerbox@main=\box37
\pgf@picture@serial@count=\count120
)
(/usr/share/texmf/tex/generic/pgf/basiclayer/pgfcoregraphicstate.code.tex
File: pgfcoregraphicstate.code.tex 2008/04/22  (rcs-revision 1.9)
\pgflinewidth=\dimen146
)
(/usr/share/texmf/tex/generic/pgf/basiclayer/pgfcoretransformations.code.tex
File: pgfcoretransformations.code.tex 2009/06/10  (rcs-revision 1.11)
\pgf@pt@x=\dimen147
\pgf@pt@y=\dimen148
\pgf@pt@temp=\dimen149
)
(/usr/share/texmf/tex/generic/pgf/basiclayer/pgfcorequick.code.tex
File: pgfcorequick.code.tex 2008/10/09  (rcs-revision 1.3)
)
(/usr/share/texmf/tex/generic/pgf/basiclayer/pgfcoreobjects.code.tex
File: pgfcoreobjects.code.tex 2006/10/11  (rcs-revision 1.2)
)
(/usr/share/texmf/tex/generic/pgf/basiclayer/pgfcorepathprocessing.code.tex
File: pgfcorepathprocessing.code.tex 2008/10/09  (rcs-revision 1.8)
)
(/usr/share/texmf/tex/generic/pgf/basiclayer/pgfcorearrows.code.tex
File: pgfcorearrows.code.tex 2008/04/23  (rcs-revision 1.11)
)
(/usr/share/texmf/tex/generic/pgf/basiclayer/pgfcoreshade.code.tex
File: pgfcoreshade.code.tex 2008/11/23  (rcs-revision 1.13)
\pgf@max=\dimen150
\pgf@sys@shading@range@num=\count121
)
(/usr/share/texmf/tex/generic/pgf/basiclayer/pgfcoreimage.code.tex
File: pgfcoreimage.code.tex 2010/03/25  (rcs-revision 1.16)

(/usr/share/texmf/tex/generic/pgf/basiclayer/pgfcoreexternal.code.tex
File: pgfcoreexternal.code.tex 2010/09/01  (rcs-revision 1.17)
\pgfexternal@startupbox=\box38
))
(/usr/share/texmf/tex/generic/pgf/basiclayer/pgfcorelayers.code.tex
File: pgfcorelayers.code.tex 2010/08/27  (rcs-revision 1.2)
)
(/usr/share/texmf/tex/generic/pgf/basiclayer/pgfcoretransparency.code.tex
File: pgfcoretransparency.code.tex 2008/01/17  (rcs-revision 1.2)
)
(/usr/share/texmf/tex/generic/pgf/basiclayer/pgfcorepatterns.code.tex
File: pgfcorepatterns.code.tex 2009/07/02  (rcs-revision 1.3)
)))
(/usr/share/texmf/tex/generic/pgf/modules/pgfmoduleshapes.code.tex
File: pgfmoduleshapes.code.tex 2010/09/09  (rcs-revision 1.13)
\pgfnodeparttextbox=\box39
)
(/usr/share/texmf/tex/generic/pgf/modules/pgfmoduleplot.code.tex
File: pgfmoduleplot.code.tex 2010/10/22  (rcs-revision 1.8)
)
(/usr/share/texmf/tex/latex/pgf/compatibility/pgfcomp-version-0-65.sty
Package: pgfcomp-version-0-65 2007/07/03 v2.10 (rcs-revision 1.7)
\pgf@nodesepstart=\dimen151
\pgf@nodesepend=\dimen152
)
(/usr/share/texmf/tex/latex/pgf/compatibility/pgfcomp-version-1-18.sty
Package: pgfcomp-version-1-18 2007/07/23 v2.10 (rcs-revision 1.1)
))
(/usr/share/texmf/tex/latex/pgf/utilities/pgffor.sty
(/usr/share/texmf/tex/latex/pgf/utilities/pgfkeys.sty
(/usr/share/texmf/tex/generic/pgf/utilities/pgfkeys.code.tex))
(/usr/share/texmf/tex/generic/pgf/utilities/pgffor.code.tex
Package: pgffor 2010/03/23 v2.10 (rcs-revision 1.18)
\pgffor@iter=\dimen153
\pgffor@skip=\dimen154
\pgffor@stack=\toks36
\pgffor@toks=\toks37
))
(/usr/share/texmf/tex/generic/pgf/frontendlayer/tikz/tikz.code.tex
Package: tikz 2010/10/13 v2.10 (rcs-revision 1.76)

(/usr/share/texmf/tex/generic/pgf/libraries/pgflibraryplothandlers.code.tex
File: pgflibraryplothandlers.code.tex 2010/05/31 v2.10 (rcs-revision 1.15)
\pgf@plot@mark@count=\count122
\pgfplotmarksize=\dimen155
)
\tikz@lastx=\dimen156
\tikz@lasty=\dimen157
\tikz@lastxsaved=\dimen158
\tikz@lastysaved=\dimen159
\tikzleveldistance=\dimen160
\tikzsiblingdistance=\dimen161
\tikz@figbox=\box40
\tikz@tempbox=\box41
\tikztreelevel=\count123
\tikznumberofchildren=\count124
\tikznumberofcurrentchild=\count125
\tikz@fig@count=\count126

(/usr/share/texmf/tex/generic/pgf/modules/pgfmodulematrix.code.tex
File: pgfmodulematrix.code.tex 2010/08/24  (rcs-revision 1.4)
\pgfmatrixcurrentrow=\count127
\pgfmatrixcurrentcolumn=\count128
\pgf@matrix@numberofcolumns=\count129
)
\tikz@expandcount=\count130

(/usr/share/texmf/tex/generic/pgf/frontendlayer/tikz/libraries/tikzlibrarytopat
hs.code.tex
File: tikzlibrarytopaths.code.tex 2008/06/17 v2.10 (rcs-revision 1.2)
)))
(/usr/share/texmf/tex/generic/pgf/frontendlayer/tikz/libraries/tikzlibraryposit
ioning.code.tex
File: tikzlibrarypositioning.code.tex 2008/10/06 v2.10 (rcs-revision 1.7)
) (/usr/share/texlive/texmf-dist/tex/latex/tools/calc.sty
Package: calc 2007/08/22 v4.3 Infix arithmetic (KKT,FJ)
\calc@Acount=\count131
\calc@Bcount=\count132
\calc@Adimen=\dimen162
\calc@Bdimen=\dimen163
\calc@Askip=\skip46
\calc@Bskip=\skip47
LaTeX Info: Redefining \setlength on input line 76.
LaTeX Info: Redefining \addtolength on input line 77.
\calc@Ccount=\count133
\calc@Cskip=\skip48
)
\c@@todonotes@numberoftodonotes=\count134
)
(/usr/share/texlive/texmf-dist/tex/latex/cite/cite.sty
LaTeX Info: Redefining \cite on input line 302.
LaTeX Info: Redefining \nocite on input line 373.
Package: cite 2010/09/10  v 5.3
) (./algorithm.sty
(/usr/share/texlive/texmf-dist/tex/latex/float/float.sty
Package: float 2001/11/08 v1.3d Float enhancements (AL)
\c@float@type=\count135
\float@exts=\toks38
\float@box=\box42
\@float@everytoks=\toks39
\@floatcapt=\box43
)
\@float@every@algorithm=\toks40
\c@algorithm=\count136
) (./algorithmic.sty
Package: algorithmic 2011/09/23 v0.2 Document Style `algorithmic'
\c@ALC@unique=\count137
\c@ALC@line=\count138
\c@ALC@rem=\count139
\c@ALC@depth=\count140
\ALC@tlm=\skip49
\algorithmicindent=\skip50
)
(./SASTRAReport.aux

LaTeX Warning: Label `eq1' multiply defined.


LaTeX Warning: Label `eq1' multiply defined.


! LaTeX Error: Missing \begin{document}.

See the LaTeX manual or LaTeX Companion for explanation.
Type  H <return>  for immediate help.
 ...                                              
                                                  
l.209 e
       {githubtest1}{19}
You're in trouble here.  Try typing  <return>  to proceed.
If that doesn't work, type  X <return>  to quit.


LaTeX Warning: Label `generalcommunity' multiply defined.


LaTeX Warning: Label `sirlarca' multiply defined.

)
\openout1 = `SASTRAReport.aux'.

LaTeX Font Info:    Checking defaults for OML/cmm/m/it on input line 74.
LaTeX Font Info:    ... okay on input line 74.
LaTeX Font Info:    Checking defaults for T1/cmr/m/n on input line 74.
LaTeX Font Info:    ... okay on input line 74.
LaTeX Font Info:    Checking defaults for OT1/cmr/m/n on input line 74.
LaTeX Font Info:    ... okay on input line 74.
LaTeX Font Info:    Checking defaults for OMS/cmsy/m/n on input line 74.
LaTeX Font Info:    ... okay on input line 74.
LaTeX Font Info:    Checking defaults for OMX/cmex/m/n on input line 74.
LaTeX Font Info:    ... okay on input line 74.
LaTeX Font Info:    Checking defaults for U/cmr/m/n on input line 74.
LaTeX Font Info:    ... okay on input line 74.
 (/usr/share/texlive/texmf-dist/tex/latex/ucs/ucsencs.def
File: ucsencs.def 2011/01/21 Fixes to fontencodings LGR, T3
)
(/usr/share/texlive/texmf-dist/tex/context/base/supp-pdf.mkii
[Loading MPS to PDF converter (version 2006.09.02).]
\scratchcounter=\count141
\scratchdimen=\dimen164
\scratchbox=\box44
\nofMPsegments=\count142
\nofMParguments=\count143
\everyMPshowfont=\toks41
\MPscratchCnt=\count144
\MPscratchDim=\dimen165
\MPnumerator=\count145
\makeMPintoPDFobject=\count146
\everyMPtoPDFconversion=\toks42
) (/usr/share/texlive/texmf-dist/tex/generic/oberdiek/pdftexcmds.sty
Package: pdftexcmds 2011/11/29 v0.20 Utility functions of pdfTeX for LuaTeX (HO
)

(/usr/share/texlive/texmf-dist/tex/generic/oberdiek/ifluatex.sty
Package: ifluatex 2010/03/01 v1.3 Provides the ifluatex switch (HO)
Package ifluatex Info: LuaTeX not detected.
)
(/usr/share/texlive/texmf-dist/tex/generic/oberdiek/ifpdf.sty
Package: ifpdf 2011/01/30 v2.3 Provides the ifpdf switch (HO)
Package ifpdf Info: pdfTeX in PDF mode is detected.
)
Package pdftexcmds Info: LuaTeX not detected.
Package pdftexcmds Info: \pdf@primitive is available.
Package pdftexcmds Info: \pdf@ifprimitive is available.
Package pdftexcmds Info: \pdfdraftmode found.
)
(/usr/share/texlive/texmf-dist/tex/latex/oberdiek/epstopdf-base.sty
Package: epstopdf-base 2010/02/09 v2.5 Base part for package epstopdf

(/usr/share/texlive/texmf-dist/tex/latex/oberdiek/grfext.sty
Package: grfext 2010/08/19 v1.1 Manage graphics extensions (HO)

(/usr/share/texlive/texmf-dist/tex/generic/oberdiek/kvdefinekeys.sty
Package: kvdefinekeys 2011/04/07 v1.3 Define keys (HO)
))
(/usr/share/texlive/texmf-dist/tex/latex/oberdiek/kvoptions.sty
Package: kvoptions 2011/06/30 v3.11 Key value format for package options (HO)

(/usr/share/texlive/texmf-dist/tex/generic/oberdiek/kvsetkeys.sty
Package: kvsetkeys 2012/04/25 v1.16 Key value parser (HO)

(/usr/share/texlive/texmf-dist/tex/generic/oberdiek/etexcmds.sty
Package: etexcmds 2011/02/16 v1.5 Avoid name clashes with e-TeX commands (HO)
Package etexcmds Info: Could not find \expanded.
(etexcmds)             That can mean that you are not using pdfTeX 1.50 or
(etexcmds)             that some package has redefined \expanded.
(etexcmds)             In the latter case, load this package earlier.
)))
Package grfext Info: Graphics extension search list:
(grfext)             [.png,.pdf,.jpg,.mps,.jpeg,.jbig2,.jb2,.PNG,.PDF,.JPG,.JPE
G,.JBIG2,.JB2,.eps]
(grfext)             \AppendGraphicsExtensions on input line 452.

(/usr/share/texlive/texmf-dist/tex/latex/latexconfig/epstopdf-sys.cfg
File: epstopdf-sys.cfg 2010/07/13 v1.3 Configuration of (r)epstopdf for TeX Liv
e
))
\c@lstlisting=\count147

ABD: EveryShipout initializing macros [1

{/var/lib/texmf/fonts/map/pdftex/updmap/pdftex.map}] (/usr/share/texlive/texmf-
dist/tex/latex/ucs/data/uni-0.def
File: uni-0.def 2013/05/13 UCS: Unicode data U+0000..U+00FF
)
<logo.png, id=10, 125.46875pt x 125.46875pt>
File: logo.png Graphic file (type png)
 <use logo.png>
Package pdftex.def Info: logo.png used on input line 138.
(pdftex.def)             Requested size: 125.46843pt x 125.46843pt.
 [1] [2 <./logo.png>] [1

] [1


]
Overfull \hbox (7.74182pt too wide) in paragraph at lines 181--182
[]\OT1/cmr/m/n/12 I have deep grat-i-tude for Prof.Dr.A.Umamakeswari, As-so-cia
te Dean, School
 []

[1

] (./SASTRAReport.toc [2

] [3])
\tf@toc=\write4
\openout4 = `SASTRAReport.toc'.

 [4] (./SASTRAReport.lof [5

])
\tf@lof=\write5
\openout5 = `SASTRAReport.lof'.

 [6]
Chapter 1.
[1

]
Underfull \hbox (badness 1571) in paragraph at lines 215--215
[][]\OT1/cmr/m/n/10 LARCA - Lab-o-ra-tory for Re-la-tional Al-go-rith-mics, Com
-plex-ity and Learn-ing.
 []

[2]
LaTeX Font Info:    Try loading font information for OMS+cmr on input line 239.

 (/usr/share/texlive/texmf-dist/tex/latex/base/omscmr.fd
File: omscmr.fd 1999/05/25 v2.5h Standard LaTeX font definitions
)
LaTeX Font Info:    Font shape `OMS/cmr/m/n' in size <12> not available
(Font)              Font shape `OMS/cmsy/m/n' tried instead on input line 239.
 [3]
Underfull \hbox (badness 10000) in paragraph at lines 269--274

 []

[4]
Underfull \hbox (badness 10000) in paragraph at lines 285--285
[]\OT1/cmr/m/n/12 Useful
 []


Underfull \hbox (badness 10000) in paragraph at lines 285--285
\OT1/cmr/m/n/12 Life(in
 []


Underfull \hbox (badness 10000) in paragraph at lines 285--286
[]\OT1/cmr/m/n/12 Amortized
 []


Overfull \hbox (13.43303pt too wide) in paragraph at lines 281--294
 [][] 
 []


Underfull \hbox (badness 10000) in paragraph at lines 275--294

 []


Underfull \hbox (badness 10000) in paragraph at lines 275--294

 []


Underfull \hbox (badness 10000) in paragraph at lines 307--307
[]\OT1/cmr/m/n/12 Software Com-
 []


Underfull \hbox (badness 10000) in paragraph at lines 307--307
[]\OT1/cmr/m/n/12 Useful
 []


Underfull \hbox (badness 10000) in paragraph at lines 307--307
\OT1/cmr/m/n/12 Life(in
 []


Underfull \hbox (badness 10000) in paragraph at lines 307--308
[]\OT1/cmr/m/n/12 Amortized
 []


Underfull \hbox (badness 10000) in paragraph at lines 310--310
[]\OT1/cmr/m/n/12 JavaScript
 []


Overfull \hbox (13.43303pt too wide) in paragraph at lines 303--320
 [][] 
 []


Underfull \hbox (badness 10000) in paragraph at lines 296--320

 []


Underfull \hbox (badness 10000) in paragraph at lines 296--320

 []

[5]
Overfull \hbox (1.96222pt too wide) in paragraph at lines 337--337
[]\OT1/cmr/m/n/12 Hours| 
 []


Overfull \hbox (2.10097pt too wide) in paragraph at lines 337--337
[]\OT1/cmr/m/n/12 Cost(per
 []


Underfull \hbox (badness 2173) in paragraph at lines 337--337
\OT1/cmr/m/n/12 hour in
 []


Underfull \hbox (badness 10000) in paragraph at lines 337--338
[]\OT1/cmr/m/n/12 Total(in
 []


Underfull \hbox (badness 6559) in paragraph at lines 339--339
[]\OT1/cmr/m/n/12 Required Knowl-edge
 []


Overfull \hbox (19.74255pt too wide) in paragraph at lines 333--350
 [][] 
 []


Underfull \hbox (badness 10000) in paragraph at lines 323--350

 []

[6]
Underfull \hbox (badness 10000) in paragraph at lines 366--366
[]\OT1/cmr/m/n/12 Human Re-source
 []


Underfull \hbox (badness 10000) in paragraph at lines 353--376

 []


Underfull \hbox (badness 10000) in paragraph at lines 353--376

 []

[7] [8]
Chapter 2.
<bull.png, id=77, 337.26pt x 336.25626pt>
File: bull.png Graphic file (type png)
 <use bull.png>
Package pdftex.def Info: bull.png used on input line 415.
(pdftex.def)             Requested size: 168.62958pt x 168.12772pt.


LaTeX Warning: `h' float specifier changed to `ht'.

[9

] [10 <./bull.png>] [11] <graphpart.png, id=90, 536.0025pt x 511.9125pt>
File: graphpart.png Graphic file (type png)

<use graphpart.png>
Package pdftex.def Info: graphpart.png used on input line 478.
(pdftex.def)             Requested size: 160.80199pt x 153.57494pt.
 [12 <./graphpart.png>]
Overfull \hbox (0.43555pt too wide) in paragraph at lines 484--485
 \OT1/cmr/bx/n/12 2.4.1.2.2 Hi-er-ar-chi-cal Clus-ter-ing[] \OT1/cmr/m/n/12 Hi-
er-ar-chi-cal clus-ter-ing aims to iden-
 []

<hirac.png, id=95, 834.11626pt x 340.27126pt>
File: hirac.png Graphic file (type png)
 <use hirac.png>
Package pdftex.def Info: hirac.png used on input line 496.
(pdftex.def)             Requested size: 417.05711pt x 170.13521pt.

Overfull \hbox (27.05711pt too wide) in paragraph at lines 496--497
 [][] 
 []

[13 <./hirac.png>] [14] [15]
(/usr/share/texlive/texmf-dist/tex/latex/ucs/data/uni-32.def
File: uni-32.def 2013/05/13 UCS: Unicode data U+2000..U+20FF
)
<lou.png, id=107, 823.075pt x 298.11375pt>
File: lou.png Graphic file (type png)
 <use lou.png>
Package pdftex.def Info: lou.png used on input line 558.
(pdftex.def)             Requested size: 411.53648pt x 149.0565pt.

Overfull \hbox (21.53648pt too wide) in paragraph at lines 558--559
 [][] 
 []

[16 <./lou.png>] <sclaran.png, id=112, 654.94687pt x 308.65312pt>
File: sclaran.png Graphic file (type png)

<use sclaran.png>
Package pdftex.def Info: sclaran.png used on input line 581.
(pdftex.def)             Requested size: 261.9741pt x 123.45905pt.
 [17]
Overfull \hbox (16.08884pt too wide) in paragraph at lines 591--592
\OT1/cmr/m/n/12 stan-dard-ized and re-mains widely sup-ported by sev-eral ma-jo
r web browsers. 
 []

[18 <./sclaran.png>] [19] [20]
Chapter 3.
[21

]
Overfull \hbox (3.11044pt too wide) in paragraph at lines 658--658
[] 
 []

[22] <loustep.png, id=135, 757.83125pt x 420.57124pt>
File: loustep.png Graphic file (type png)
 <use loustep.png>
Package pdftex.def Info: loustep.png used on input line 714.
(pdftex.def)             Requested size: 378.9147pt x 210.28511pt.

[23] [24 <./loustep.png>] [25] [26] [27]
<e2000.png, id=153, 1273.75874pt x 609.27625pt>
File: e2000.png Graphic file (type png)
 <use e2000.png>
Package pdftex.def Info: e2000.png used on input line 806.
(pdftex.def)             Requested size: 382.13057pt x 182.78427pt.
 [28]
<e2000c.png, id=158, 1233.6489pt x 574.5465pt>
File: e2000c.png Graphic file (type png)
 <use e2000c.png>
Package pdftex.def Info: e2000c.png used on input line 817.
(pdftex.def)             Requested size: 370.09753pt x 172.36528pt.
 [29 <./e2000.png>] <varq2000pio3.png, id=163, 578.16pt x 433.62pt>
File: varq2000pio3.png Graphic file (type png)
 <use varq2000pio3.png>
Package pdftex.def Info: varq2000pio3.png used on input line 827.
(pdftex.def)             Requested size: 173.44933pt x 130.087pt.

Underfull \hbox (badness 10000) in paragraph at lines 840--840
[]\OT1/cmr/m/n/12 Name of the
 []


Underfull \hbox (badness 10000) in paragraph at lines 840--840
[]\OT1/cmr/m/n/12 No: of
 []


Underfull \hbox (badness 10000) in paragraph at lines 842--842
[]\OT1/cmr/m/n/12 Social cir-cles
 []


Underfull \hbox (badness 10000) in paragraph at lines 842--842
\OT1/cmr/m/n/12 from Face-book
 []


Underfull \hbox (badness 10000) in paragraph at lines 843--843
[]\OT1/cmr/m/n/12 Collaboration
 []


Overfull \hbox (13.43303pt too wide) in paragraph at lines 836--848
 [][] 
 []

[30 <./e2000c.png> <./varq2000pio3.png>]
<fb.png, id=169, 659.46375pt x 534.99875pt>
File: fb.png Graphic file (type png)
 <use fb.png>
Package pdftex.def Info: fb.png used on input line 853.
(pdftex.def)             Requested size: 197.84064pt x 160.50085pt.
 [31]
Overfull \hbox (18.42633pt too wide) in paragraph at lines 859--865
\OT1/cmr/m/n/12 ``Noperfectmatching",``Nonline",``Octahedral",``Petersen",``Tut
te",``Robertson", 
 []


Overfull \hbox (38.73166pt too wide) in paragraph at lines 859--865
\OT1/cmr/m/n/12 ``Smallestcyclicgroup",``Tetrahedral",``Thomassen",``Uniquely3c
olorable",``Walther" 
 []


Underfull \hbox (badness 10000) in paragraph at lines 859--865

 []

<fam.png, id=173, 578.16pt x 433.62pt>
File: fam.png Graphic file (type png)
 <use fam.png>
Package pdftex.def Info: fam.png used on input line 868.
(pdftex.def)             Requested size: 289.07928pt x 216.80946pt.
 [32 <./fb.png>] [33 <./fam.png>]
Chapter 4.
[34

]
Overfull \hbox (7.37486pt too wide) in paragraph at lines 896--897
\OT1/cmr/m/n/12 Alchemy needs three main units to form as an ap-pli-ca-tion nam
ely: \OT1/cmr/m/it/12 alchemy.css\OT1/cmr/m/n/12 ,
 []


Overfull \hbox (11.5761pt too wide) in paragraph at lines 896--897
\OT1/cmr/m/it/12 alchemy.js \OT1/cmr/m/n/12 and \OT1/cmr/m/it/12 data\OT1/cmr/m
/n/12 . CSS and JavaScript are ma-jor de-pen-den-cies in Alchemy.js.
 []


Overfull \hbox (44.07213pt too wide) in paragraph at lines 898--900
\OT1/cmr/m/n/12 In this project we have up-loaded the \OT1/cmr/m/it/12 alchemy.
min.js\OT1/cmr/m/n/12 , \OT1/cmr/m/it/12 alchemy.css \OT1/cmr/m/n/12 and \OT1/c
mr/m/it/12 alchemy.min.css
 []


Overfull \hbox (23.23457pt too wide) in paragraph at lines 898--900
\OT1/cmr/m/n/12 into the project's file repos-i-tory $\OT1/cmtt/m/n/12 http : /
 / abhinavsv3 . github . io / javascriptsal$
 []


Overfull \hbox (50.95102pt too wide) in paragraph at lines 902--907
\OML/cmm/m/it/12 <$\OT1/cmr/m/n/12 link rel=``stylesheet" href=``$\OT1/cmtt/m/n
/12 http : / / abhinavsv3 . github . io / javascriptsal /
 []


Overfull \hbox (18.1019pt too wide) in paragraph at lines 902--907
\OML/cmm/m/it/12 <$\OT1/cmr/m/n/12 script src=``$\OT1/cmtt/m/n/12 http : / / ab
hinavsv3 . github . io / javascriptsal / alchemy .
 []


Underfull \hbox (badness 10000) in paragraph at lines 914--918

 []

[35]
Overfull \hbox (6.35976pt too wide) in paragraph at lines 923--923
[]\OT1/cmr/bx/n/17.28 Getting the data from the Lou-vain Python
 []

[36] <t1.png, id=193, 1026.83624pt x 824.07875pt>
File: t1.png Graphic file (type png)
 <use t1.png>
Package pdftex.def Info: t1.png used on input line 945.
(pdftex.def)             Requested size: 308.05325pt x 247.22552pt.

<t2.png, id=194, 986.68625pt x 820.06375pt>
File: t2.png Graphic file (type png)
 <use t2.png>
Package pdftex.def Info: t2.png used on input line 954.
(pdftex.def)             Requested size: 296.00815pt x 246.02103pt.
 [37 <./t1.png>]
<t3.png, id=199, 1003.75pt x 747.79375pt>
File: t3.png Graphic file (type png)
 <use t3.png>
Package pdftex.def Info: t3.png used on input line 962.
(pdftex.def)             Requested size: 301.12732pt x 224.33984pt.
 [38 <./t2.png>]
<t4.png, id=205, 849.1725pt x 787.94376pt>
File: t4.png Graphic file (type png)
 <use t4.png>
Package pdftex.def Info: t4.png used on input line 971.
(pdftex.def)             Requested size: 254.75371pt x 236.38495pt.
 [39 <./t3.png>]
<t5.png, id=211, 1147.28625pt x 805.0075pt>
File: t5.png Graphic file (type png)
 <use t5.png>
Package pdftex.def Info: t5.png used on input line 980.
(pdftex.def)             Requested size: 344.18852pt x 241.50412pt.
 [40 <./t4.png>]
<t7.png, id=216, 899.36pt x 726.715pt>
File: t7.png Graphic file (type png)
 <use t7.png>
Package pdftex.def Info: t7.png used on input line 990.
(pdftex.def)             Requested size: 269.81007pt x 218.01617pt.
 [41 <./t5.png>] [42 <./t7.png>] <o1.png, id=225, 534.99875pt x 588.1975pt>
File: o1.png Graphic file (type png)
 <use o1.png>
Package pdftex.def Info: o1.png used on input line 1012.
(pdftex.def)             Requested size: 160.50085pt x 176.4606pt.

<o2.png, id=226, 919.435pt x 601.24625pt>
File: o2.png Graphic file (type png)
 <use o2.png>
Package pdftex.def Info: o2.png used on input line 1018.
(pdftex.def)             Requested size: 275.83263pt x 180.37526pt.
 [43 <./o1.png>]
<o3.png, id=231, 756.8275pt x 590.205pt>
File: o3.png Graphic file (type png)
 <use o3.png>
Package pdftex.def Info: o3.png used on input line 1024.
(pdftex.def)             Requested size: 227.05pt x 177.06287pt.
 [44 <./o2.png> <./o3.png>]
Chapter 5.
[45

] <s1.png, id=241, 1280.785pt x 993.7125pt>
File: s1.png Graphic file (type png)
 <use s1.png>
Package pdftex.def Info: s1.png used on input line 1045.
(pdftex.def)             Requested size: 384.23846pt x 298.11604pt.
 [46]
<s3.png, id=245, 1276.77pt x 991.705pt>
File: s3.png Graphic file (type png)
 <use s3.png>
Package pdftex.def Info: s3.png used on input line 1052.
(pdftex.def)             Requested size: 383.03395pt x 297.5138pt.
 [47 <./s1.png>]
<s4.png, id=250, 1272.755pt x 1002.74625pt>
File: s4.png Graphic file (type png)
 <use s4.png>
Package pdftex.def Info: s4.png used on input line 1063.
(pdftex.def)             Requested size: 381.82945pt x 300.82619pt.
 [48 <./s3.png>]
<serr.png, id=255, 1256.695pt x 997.7275pt>
File: serr.png Graphic file (type png)
 <use serr.png>
Package pdftex.def Info: serr.png used on input line 1071.
(pdftex.def)             Requested size: 377.01141pt x 299.32056pt.
 [49 <./s4.png>]
[50 <./serr.png>] [51]
Chapter 6.
[52

] [53]
Overfull \hbox (2.66641pt too wide) in paragraph at lines 1144--1145
[]\OT1/cmr/bx/n/12 Project Home-page\OT1/cmr/m/n/12 : $\OT1/cmtt/m/n/12 https :
 / / github . com / abhinavsv3 / webproject$ 
 []

[54] (./SASTRAReport.bbl [55] [56

] [57]) [58] (./SASTRAReport.aux)

LaTeX Warning: There were multiply-defined labels.

 ) 
Here is how much of TeX's memory you used:
 14348 strings out of 495028
 248016 string characters out of 6181497
 308450 words of memory out of 5000000
 17225 multiletter control sequences out of 15000+600000
 11083 words of font info for 41 fonts, out of 8000000 for 9000
 14 hyphenation exceptions out of 8191
 63i,21n,57p,930b,636s stack positions out of 5000i,500n,10000p,200000b,80000s
</usr/share/texlive/texmf-dist/fonts/type1/public/amsfonts/cm/cmbx12.pfb></us
r/share/texlive/texmf-dist/fonts/type1/public/amsfonts/cm/cmex10.pfb></usr/shar
e/texlive/texmf-dist/fonts/type1/public/amsfonts/cm/cmmi12.pfb></usr/share/texl
ive/texmf-dist/fonts/type1/public/amsfonts/cm/cmmi6.pfb></usr/share/texlive/tex
mf-dist/fonts/type1/public/amsfonts/cm/cmmi8.pfb></usr/share/texlive/texmf-dist
/fonts/type1/public/amsfonts/cm/cmr10.pfb></usr/share/texlive/texmf-dist/fonts/
type1/public/amsfonts/cm/cmr12.pfb></usr/share/texlive/texmf-dist/fonts/type1/p
ublic/amsfonts/cm/cmr7.pfb></usr/share/texlive/texmf-dist/fonts/type1/public/am
sfonts/cm/cmr8.pfb></usr/share/texlive/texmf-dist/fonts/type1/public/amsfonts/c
m/cmsy10.pfb></usr/share/texlive/texmf-dist/fonts/type1/public/amsfonts/cm/cmsy
8.pfb></usr/share/texlive/texmf-dist/fonts/type1/public/amsfonts/cm/cmti12.pfb>
</usr/share/texlive/texmf-dist/fonts/type1/public/amsfonts/cm/cmtt10.pfb></usr/
share/texlive/texmf-dist/fonts/type1/public/amsfonts/cm/cmtt12.pfb></usr/share/
texlive/texmf-dist/fonts/type1/public/eurosym/feymr10.pfb>
Output written on SASTRAReport.pdf (69 pages, 1863784 bytes).
PDF statistics:
 341 PDF objects out of 1000 (max. 8388607)
 203 compressed objects within 3 object streams
 0 named destinations out of 1000 (max. 500000)
 138 words of extra memory for PDF output out of 10000 (max. 10000000)

